This is pdfTeX, Version 3.14159265-2.6-1.40.20 (MiKTeX 2.9.7140 64-bit) (preloaded format=pdflatex 2019.9.24)  3 DEC 2021 13:35
entering extended mode
**&pdflatex mylatexformat.ltx 0-preamble.tex
("C:\Program Files\MiKTeX 2.9\tex/latex\mylatexformat\mylatexformat.ltx"
! Interruption.
<to be read again> 
                   \begingroup 
l.1 
    %%
? 
! Emergency stop.
<to be read again> 
                   \begingroup 
l.1 
    %%
End of file on the terminal!

 
Here is how much of TeX's memory you used:
 7 strings out of 492883
 271 string characters out of 3121653
 57094 words of memory out of 3000000
 4025 multiletter control sequences out of 15000+200000
 3640 words of font info for 14 fonts, out of 3000000 for 9000
 1141 hyphenation exceptions out of 8191
 3i,0n,1p,48b,6s stack positions out of 5000i,500n,10000p,200000b,50000s
!  ==> Fatal error occurred, no output PDF file produced!
